<?xml version="1.0" encoding="UTF-8"?>
<!-- Generated by org.testng.reporters.JUnitReportReporter -->
<testsuite hostname="DESKTOP-BQ9CQUV" failures="0" tests="1" name="AppiumTestcases.TC03_VerifyWifiSettingOfTestingAPK" time="10.569" errors="0" timestamp="2024-06-10T11:18:59 IST" skipped="0">
  <testcase classname="AppiumTestcases.TC03_VerifyWifiSettingOfTestingAPK" name="EnableWifiSettinginTestAPK" time="10.569"/>
</testsuite> <!-- AppiumTestcases.TC03_VerifyWifiSettingOfTestingAPK -->
