<?xml version="1.0" encoding="UTF-8"?>
<!-- Generated by org.testng.reporters.JUnitReportReporter -->
<testsuite hostname="DESKTOP-BQ9CQUV" failures="0" tests="1" name="BaseTest.AppTestDemo" time="15.396" errors="0" timestamp="2024-06-09T11:01:45 IST" skipped="0">
  <testcase classname="BaseTest.AppTestDemo" name="AppiumEmulatorTest" time="15.396"/>
</testsuite> <!-- BaseTest.AppTestDemo -->
