<?xml version="1.0" encoding="UTF-8"?>
<!-- Generated by org.testng.reporters.JUnitReportReporter -->
<testsuite hostname="DESKTOP-BQ9CQUV" failures="0" tests="2" name="MobileGesture.ScrollGesture" time="31.176" errors="0" timestamp="2024-06-10T18:13:19 IST" skipped="1">
  <testcase classname="MobileGesture.ScrollGesture" name="MobileGestureScroll" time="31.176"/>
  <testcase classname="MobileGesture.ScrollGesture" name="AndroidUIAutomatorScrollGesture">
    <skipped/>
  </testcase> <!-- AndroidUIAutomatorScrollGesture -->
</testsuite> <!-- MobileGesture.ScrollGesture -->
