<?xml version="1.0" encoding="UTF-8"?>
<!-- Generated by org.testng.reporters.JUnitReportReporter -->
<testsuite hostname="DESKTOP-BQ9CQUV" failures="0" tests="1" name="AppiumTestcases.AndroidDemoTest" time="28.976" errors="0" timestamp="2024-06-09T16:48:07 IST" skipped="0">
  <testcase classname="AppiumTestcases.AndroidDemoTest" name="AppiumEmulatorTest" time="28.976"/>
</testsuite> <!-- AppiumTestcases.AndroidDemoTest -->
