<?xml version="1.0" encoding="UTF-8"?>
<!-- Generated by org.testng.reporters.JUnitReportReporter -->
<testsuite hostname="DESKTOP-BQ9CQUV" failures="0" tests="1" name="AppiumTestcases.TC02_VerifyWifiSettingTitleOfTestingAPK" time="7.627" errors="0" timestamp="2024-06-10T11:18:25 IST" skipped="0">
  <testcase classname="AppiumTestcases.TC02_VerifyWifiSettingTitleOfTestingAPK" name="EnableWifiSettinginTestAPK" time="7.627"/>
</testsuite> <!-- AppiumTestcases.TC02_VerifyWifiSettingTitleOfTestingAPK -->
