<?xml version="1.0" encoding="UTF-8"?>
<!-- Generated by org.testng.reporters.JUnitReportReporter -->
<testsuite hostname="DESKTOP-BQ9CQUV" failures="0" tests="1" name="MobileGesture.LongPressGesture" time="13.412" errors="0" timestamp="2024-06-10T14:49:06 IST" skipped="0">
  <testcase classname="MobileGesture.LongPressGesture" name="MobileGestureLongPress" time="13.412"/>
</testsuite> <!-- MobileGesture.LongPressGesture -->
