<?xml version="1.0" encoding="UTF-8"?>
<!-- Generated by org.testng.reporters.JUnitReportReporter -->
<testsuite hostname="DESKTOP-BQ9CQUV" failures="0" tests="1" name="AppiumTestcases.TC02_VerifyWifiSettingOfTestingAPK" time="8.753" errors="0" timestamp="2024-06-09T19:11:21 IST" skipped="0">
  <testcase classname="AppiumTestcases.TC02_VerifyWifiSettingOfTestingAPK" name="EnableWifiSettinginTestAPK" time="8.753"/>
</testsuite> <!-- AppiumTestcases.TC02_VerifyWifiSettingOfTestingAPK -->
