<?xml version="1.0" encoding="UTF-8"?>
<!-- Generated by org.testng.reporters.JUnitReportReporter -->
<testsuite hostname="DESKTOP-BQ9CQUV" failures="0" tests="1" name="AppiumTestcases.TC01_VerifyClickPreferenceTabOfTestingAPK" time="2.241" errors="0" timestamp="2024-06-10T11:17:51 IST" skipped="0">
  <testcase classname="AppiumTestcases.TC01_VerifyClickPreferenceTabOfTestingAPK" name="EnableWifiSettinginTestAPK" time="2.241"/>
</testsuite> <!-- AppiumTestcases.TC01_VerifyClickPreferenceTabOfTestingAPK -->
