<?xml version="1.0" encoding="UTF-8"?>
<!-- Generated by org.testng.reporters.JUnitReportReporter -->
<testsuite hostname="DESKTOP-BQ9CQUV" failures="0" tests="1" name="MobileGesture.SwipeGesture" time="7.425" errors="0" timestamp="2024-06-10T19:03:27 IST" skipped="0">
  <testcase classname="MobileGesture.SwipeGesture" name="MobileGestureSwipe" time="7.425"/>
</testsuite> <!-- MobileGesture.SwipeGesture -->
