<?xml version="1.0" encoding="UTF-8"?>
<!-- Generated by org.testng.reporters.JUnitReportReporter -->
<testsuite hostname="DESKTOP-BQ9CQUV" failures="0" tests="1" name="AppiumTestcases.TC00_AndroidDemoTest" time="15.471" errors="0" timestamp="2024-06-10T11:16:13 IST" skipped="0">
  <testcase classname="AppiumTestcases.TC00_AndroidDemoTest" name="AppiumEmulatorTest" time="15.471"/>
</testsuite> <!-- AppiumTestcases.TC00_AndroidDemoTest -->
